app/build/outputs/logs/manifest-merger-debug-report.txt
-- Merging decision tree log ---
manifest
ADDED from src\main\AndroidManifest.xml:2:1-37:12
INJECTED from src\main\AndroidManifest.xml:2:1-37:12
INJECTED from src\main\AndroidManifest.xml:2:1-37:12
INJECTED from src\main\AndroidManifest.xml:2:1-37:12
MERGED from [com.google.android.gms:play-services:10.0.1] AndroidManifest.xml:2:1-6:12
MERGED from [com.google.android.gms:play-services-awareness:10.0.1] AndroidManifest.xml:16:1-19:12
MERGED from [com.google.android.gms:play-services-fitness:10.0.1] AndroidManifest.xml:16:1-19:12
MERGED from [com.google.android.gms:play-services-location:10.0.1] AndroidManifest.xml:2:1-5:12
MERGED from [com.android.support:multidex:1.0.2] AndroidManifest.xml:17:1-22:12
MERGED from [com.google.android.gms:play-services-ads:10.0.1] AndroidManifest.xml:16:1-18:12
MERGED from [com.google.android.gms:play-services-analytics:10.0.1] AndroidManifest.xml:16:1-27:12
MERGED from [com.google.android.gms:play-services-tagmanager:10.0.1] AndroidManifest.xml:16:1-18:12
MERGED from [com.google.android.gms:play-services-tagmanager-v4-impl:10.0.1] AndroidManifest.xml:16:1-20:12
MERGED from [com.google.android.gms:play-services-analytics-impl:10.0.1] AndroidManifest.xml:16:1-27:12
MERGED from [com.google.android.gms:play-services-appinvite:10.0.1] AndroidManifest.xml:16:1-27:12
MERGED from [com.google.android.gms:play-services-auth:10.0.1] AndroidManifest.xml:16:1-26:12
MERGED from [com.google.android.gms:play-services-auth-base:10.0.1] AndroidManifest.xml:2:1-5:12
MERGED from [com.google.android.gms:play-services-cast-framework:10.0.1] AndroidManifest.xml:2:1-9:12
MERGED from [com.google.android.gms:play-services-cast:10.0.1] AndroidManifest.xml:16:1-19:12
MERGED from [com.google.android.gms:play-services-clearcut:10.0.1] AndroidManifest.xml:16:1-19:12
MERGED from [com.google.firebase:firebase-config:10.0.1] AndroidManifest.xml:16:1-19:12
MERGED from [com.google.android.gms:play-services-games:10.0.1] AndroidManifest.xml:16:1-19:12
MERGED from [com.google.android.gms:play-services-drive:10.0.1] AndroidManifest.xml:16:1-19:12
MERGED from [com.google.firebase:firebase-auth:10.0.1] AndroidManifest.xml:16:1-21:12
MERGED from [com.google.android.gms:play-services-gcm:10.0.1] AndroidManifest.xml:16:1-24:12
MERGED from [com.google.firebase:firebase-appindexing:10.0.1] AndroidManifest.xml:16:1-19:12
MERGED from [com.google.android.gms:play-services-wallet:10.0.1] AndroidManifest.xml:16:1-20:12
MERGED from [com.google.android.gms:play-services-identity:10.0.1] AndroidManifest.xml:16:1-19:12
MERGED from [com.google.android.gms:play-services-iid:10.0.1] AndroidManifest.xml:16:1-24:12
MERGED from [com.google.android.gms:play-services-instantapps:10.0.1] AndroidManifest.xml:2:1-4:12
MERGED from [com.google.android.gms:play-services-nearby:10.0.1] AndroidManifest.xml:2:1-6:12
MERGED from [com.google.android.gms:play-services-panorama:10.0.1] AndroidManifest.xml:16:1-19:12
MERGED from [com.google.android.gms:play-services-places:10.0.1] AndroidManifest.xml:16:1-19:12
MERGED from [com.google.android.gms:play-services-plus:10.0.1] AndroidManifest.xml:16:1-19:12
MERGED from [com.google.android.gms:play-services-safetynet:10.0.1] AndroidManifest.xml:16:1-19:12
MERGED from [com.google.android.gms:play-services-vision:10.0.1] AndroidManifest.xml:2:1-5:12
MERGED from [com.google.android.gms:play-services-wearable:10.0.1] AndroidManifest.xml:16:1-19:12
MERGED from [com.google.android.gms:play-services-maps:10.0.1] AndroidManifest.xml:16:1-25:12
MERGED from [com.google.android.gms:play-services-base:10.0.1] AndroidManifest.xml:16:1-21:12
MERGED from [com.google.android.gms:play-services-ads-lite:10.0.1] AndroidManifest.xml:16:1-28:12
MERGED from [com.google.firebase:firebase-crash:10.0.1] AndroidManifest.xml:16:1-25:12
MERGED from [com.google.firebase:firebase-database:10.0.1] AndroidManifest.xml:2:1-4:12
MERGED from [com.google.firebase:firebase-database-connection:10.0.1] AndroidManifest.xml:2:1-4:12
MERGED from [com.google.firebase:firebase-messaging:10.0.1] AndroidManifest.xml:16:1-30:12
MERGED from [com.google.android.gms:play-services-tagmanager-api:10.0.1] AndroidManifest.xml:16:1-34:12
MERGED from [com.google.firebase:firebase-analytics:10.0.1] AndroidManifest.xml:16:1-34:12
MERGED from [com.google.firebase:firebase-analytics-impl:10.0.1] AndroidManifest.xml:16:1-29:12
MERGED from [com.google.firebase:firebase-iid:10.0.1] AndroidManifest.xml:16:1-51:12
MERGED from [com.google.firebase:firebase-storage:10.0.1] AndroidManifest.xml:2:1-4:12
MERGED from [com.google.firebase:firebase-storage-common:10.0.1] AndroidManifest.xml:2:1-4:12
MERGED from [com.google.firebase:firebase-common:10.0.1] AndroidManifest.xml:2:1-8:12
MERGED from [com.google.android.gms:play-services-gass:10.0.1] AndroidManifest.xml:2:1-5:12
MERGED from [com.google.android.gms:play-services-tasks:10.0.1] AndroidManifest.xml:2:1-5:12
MERGED from [com.google.android.gms:play-services-basement:10.0.1] AndroidManifest.xml:16:1-23:12
MERGED from [com.android.support:mediarouter-v7:24.0.0] AndroidManifest.xml:17:1-24:12
MERGED from [com.android.support:palette-v7:24.0.0] AndroidManifest.xml:17:1-25:12
MERGED from [com.android.support:appcompat-v7:24.0.0] AndroidManifest.xml:17:1-27:12
MERGED from [com.android.support:animated-vector-drawable:24.0.0] AndroidManifest.xml:17:1-24:12
MERGED from [com.android.support:support-vector-drawable:24.0.0] AndroidManifest.xml:17:1-25:12
MERGED from [com.android.support:support-v4:24.0.0] AndroidManifest.xml:17:1-27:12
INJECTED from src\main\AndroidManifest.xml:2:1-37:12
INJECTED from src\main\AndroidManifest.xml:2:1-37:12
INJECTED from src\main\AndroidManifest.xml:2:1-37:12
	package
		ADDED from src\main\AndroidManifest.xml:3:5-41
		INJECTED from src\main\AndroidManifest.xml
		INJECTED from src\main\AndroidManifest.xml
	android:versionName
		ADDED from src\main\AndroidManifest.xml:5:5-30
		INJECTED from src\main\AndroidManifest.xml
		INJECTED from src\main\AndroidManifest.xml
	xmlns:android
		ADDED from src\main\AndroidManifest.xml:2:11-69
	android:versionCode
		ADDED from src\main\AndroidManifest.xml:4:5-28
		INJECTED from src\main\AndroidManifest.xml
		INJECTED from src\main\AndroidManifest.xml
uses-sdk
ADDED from src\main\AndroidManifest.xml:7:5-43
INJECTED from src\main\AndroidManifest.xml:7:5-43
INJECTED from src\main\AndroidManifest.xml:7:5-43
MERGED from [com.google.android.gms:play-services:10.0.1] AndroidManifest.xml:4:5-42
MERGED from [com.google.android.gms:play-services:10.0.1] AndroidManifest.xml:4:5-42
MERGED from [com.google.android.gms:play-services-awareness:10.0.1] AndroidManifest.xml:17:5-42
MERGED from [com.google.android.gms:play-services-awareness:10.0.1] AndroidManifest.xml:17:5-42
MERGED from [com.google.android.gms:play-services-fitness:10.0.1] AndroidManifest.xml:17:5-42
MERGED from [com.google.android.gms:play-services-fitness:10.0.1] AndroidManifest.xml:17:5-42
MERGED from [com.google.android.gms:play-services-location:10.0.1] AndroidManifest.xml:3:5-42
MERGED from [com.google.android.gms:play-services-location:10.0.1] AndroidManifest.xml:3:5-42
MERGED from [com.android.support:multidex:1.0.2] AndroidManifest.xml:20:5-43
MERGED from [com.android.support:multidex:1.0.2] AndroidManifest.xml:20:5-43
MERGED from [com.google.android.gms:play-services-ads:10.0.1] AndroidManifest.xml:17:5-42
MERGED from [com.google.android.gms:play-services-ads:10.0.1] AndroidManifest.xml:17:5-42
MERGED from [com.google.android.gms:play-services-analytics:10.0.1] AndroidManifest.xml:17:5-42
MERGED from [com.google.android.gms:play-services-analytics:10.0.1] AndroidManifest.xml:17:5-42
MERGED from [com.google.android.gms:play-services-tagmanager:10.0.1] AndroidManifest.xml:17:5-42
MERGED from [com.google.android.gms:play-services-tagmanager:10.0.1] AndroidManifest.xml:17:5-42
MERGED from [com.google.android.gms:play-services-tagmanager-v4-impl:10.0.1] AndroidManifest.xml:17:5-42
MERGED from [com.google.android.gms:play-services-tagmanager-v4-impl:10.0.1] AndroidManifest.xml:17:5-42
MERGED from [com.google.android.gms:play-services-analytics-impl:10.0.1] AndroidManifest.xml:17:5-42
MERGED from [com.google.android.gms:play-services-analytics-impl:10.0.1] AndroidManifest.xml:17:5-42
MERGED from [com.google.android.gms:play-services-appinvite:10.0.1] AndroidManifest.xml:17:5-42
MERGED from [com.google.android.gms:play-services-appinvite:10.0.1] AndroidManifest.xml:17:5-42
MERGED from [com.google.android.gms:play-services-auth:10.0.1] AndroidManifest.xml:17:5-42
MERGED from [com.google.android.gms:play-services-auth:10.0.1] AndroidManifest.xml:17:5-42
MERGED from [com.google.android.gms:play-services-auth-base:10.0.1] AndroidManifest.xml:4:5-42
MERGED from [com.google.android.gms:play-services-auth-base:10.0.1] AndroidManifest.xml:4:5-42
MERGED from [com.google.android.gms:play-services-cast-framework:10.0.1] AndroidManifest.xml:3:5-42
MERGED from [com.google.android.gms:play-services-cast-framework:10.0.1] AndroidManifest.xml:3:5-42
MERGED from [com.google.android.gms:play-services-cast:10.0.1] AndroidManifest.xml:17:5-42
MERGED from [com.google.android.gms:play-services-cast:10.0.1] AndroidManifest.xml:17:5-42
MERGED from [com.google.android.gms:play-services-clearcut:10.0.1] AndroidManifest.xml:17:5-42
MERGED from [com.google.android.gms:play-services-clearcut:10.0.1] AndroidManifest.xml:17:5-42
MERGED from [com.google.firebase:firebase-config:10.0.1] AndroidManifest.xml:17:5-42
MERGED from [com.google.firebase:firebase-config:10.0.1] AndroidManifest.xml:17:5-42
MERGED from [com.google.android.gms:play-services-games:10.0.1] AndroidManifest.xml:17:5-42
MERGED from [com.google.android.gms:play-services-games:10.0.1] AndroidManifest.xml:17:5-42
MERGED from [com.google.android.gms:play-services-drive:10.0.1] AndroidManifest.xml:17:5-42
MERGED from [com.google.android.gms:play-services-drive:10.0.1] AndroidManifest.xml:17:5-42
MERGED from [com.google.firebase:firebase-auth:10.0.1] AndroidManifest.xml:17:5-42
MERGED from [com.google.firebase:firebase-auth:10.0.1] AndroidManifest.xml:17:5-42
MERGED from [com.google.android.gms:play-services-gcm:10.0.1] AndroidManifest.xml:17:5-42
MERGED from [com.google.android.gms:play-services-gcm:10.0.1] AndroidManifest.xml:17:5-42
MERGED from [com.google.firebase:firebase-appindexing:10.0.1] AndroidManifest.xml:17:5-42
MERGED from [com.google.firebase:firebase-appindexing:10.0.1] AndroidManifest.xml:17:5-42
MERGED from [com.google.android.gms:play-services-wallet:10.0.1] AndroidManifest.xml:18:5-42
MERGED from [com.google.android.gms:play-services-wallet:10.0.1] AndroidManifest.xml:18:5-42
MERGED from [com.google.android.gms:play-services-identity:10.0.1] AndroidManifest.xml:17:5-42
MERGED from [com.google.android.gms:play-services-identity:10.0.1] AndroidManifest.xml:17:5-42
MERGED from [com.google.android.gms:play-services-iid:10.0.1] AndroidManifest.xml:17:5-42
MERGED from [com.google.android.gms:play-services-iid:10.0.1] AndroidManifest.xml:17:5-42
MERGED from [com.google.android.gms:play-services-instantapps:10.0.1] AndroidManifest.xml:3:5-42
MERGED from [com.google.android.gms:play-services-instantapps:10.0.1] AndroidManifest.xml:3:5-42
MERGED from [com.google.android.gms:play-services-nearby:10.0.1] AndroidManifest.xml:3:5-42
MERGED from [com.google.android.gms:play-services-nearby:10.0.1] AndroidManifest.xml:3:5-42
MERGED from [com.google.android.gms:play-services-panorama:10.0.1] AndroidManifest.xml:17:5-42
MERGED from [com.google.android.gms:play-services-panorama:10.0.1] AndroidManifest.xml:17:5-42
MERGED from [com.google.android.gms:play-services-places:10.0.1] AndroidManifest.xml:17:5-42
MERGED from [com.google.android.gms:play-services-places:10.0.1] AndroidManifest.xml:17:5-42
MERGED from [com.google.android.gms:play-services-plus:10.0.1] AndroidManifest.xml:17:5-42
MERGED from [com.google.android.gms:play-services-plus:10.0.1] AndroidManifest.xml:17:5-42
MERGED from [com.google.android.gms:play-services-safetynet:10.0.1] AndroidManifest.xml:17:5-42
MERGED from [com.google.android.gms:play-services-safetynet:10.0.1] AndroidManifest.xml:17:5-42
MERGED from [com.google.android.gms:play-services-vision:10.0.1] AndroidManifest.xml:3:5-42
MERGED from [com.google.android.gms:play-services-vision:10.0.1] AndroidManifest.xml:3:5-42
MERGED from [com.google.android.gms:play-services-wearable:10.0.1] AndroidManifest.xml:17:5-42
MERGED from [com.google.android.gms:play-services-wearable:10.0.1] AndroidManifest.xml:17:5-42
MERGED from [com.google.android.gms:play-services-maps:10.0.1] AndroidManifest.xml:23:5-42
MERGED from [com.google.android.gms:play-services-maps:10.0.1] AndroidManifest.xml:23:5-42
MERGED from [com.google.android.gms:play-services-base:10.0.1] AndroidManifest.xml:17:5-42
MERGED from [com.google.android.gms:play-services-base:10.0.1] AndroidManifest.xml:17:5-42
MERGED from [com.google.android.gms:play-services-ads-lite:10.0.1] AndroidManifest.xml:22:5-42
MERGED from [com.google.android.gms:play-services-ads-lite:10.0.1] AndroidManifest.xml:22:5-42
MERGED from [com.google.firebase:firebase-crash:10.0.1] AndroidManifest.xml:20:5-42
MERGED from [com.google.firebase:firebase-crash:10.0.1] AndroidManifest.xml:20:5-42
MERGED from [com.google.firebase:firebase-database:10.0.1] AndroidManifest.xml:3:5-42
MERGED from [com.google.firebase:firebase-database:10.0.1] AndroidManifest.xml:3:5-42
MERGED from [com.google.firebase:firebase-database-connection:10.0.1] AndroidManifest.xml:3:5-42
MERGED from [com.google.firebase:firebase-database-connection:10.0.1] AndroidManifest.xml:3:5-42
MERGED from [com.google.firebase:firebase-messaging:10.0.1] AndroidManifest.xml:17:5-42
MERGED from [com.google.firebase:firebase-messaging:10.0.1] AndroidManifest.xml:17:5-42
MERGED from [com.google.android.gms:play-services-tagmanager-api:10.0.1] AndroidManifest.xml:17:5-42
MERGED from [com.google.android.gms:play-services-tagmanager-api:10.0.1] AndroidManifest.xml:17:5-42
MERGED from [com.google.firebase:firebase-analytics:10.0.1] AndroidManifest.xml:17:5-42
MERGED from [com.google.firebase:firebase-analytics:10.0.1] AndroidManifest.xml:17:5-42
MERGED from [com.google.firebase:firebase-analytics-impl:10.0.1] AndroidManifest.xml:17:5-42
MERGED from [com.google.firebase:firebase-analytics-impl:10.0.1] AndroidManifest.xml:17:5-42
MERGED from [com.google.firebase:firebase-iid:10.0.1] AndroidManifest.xml:17:5-42
MERGED from [com.google.firebase:firebase-iid:10.0.1] AndroidManifest.xml:17:5-42
MERGED from [com.google.firebase:firebase-storage:10.0.1] AndroidManifest.xml:3:5-42
MERGED from [com.google.firebase:firebase-storage:10.0.1] AndroidManifest.xml:3:5-42
MERGED from [com.google.firebase:firebase-storage-common:10.0.1] AndroidManifest.xml:3:5-42
MERGED from [com.google.firebase:firebase-storage-common:10.0.1] AndroidManifest.xml:3:5-42
MERGED from [com.google.firebase:firebase-common:10.0.1] AndroidManifest.xml:3:5-42
MERGED from [com.google.firebase:firebase-common:10.0.1] AndroidManifest.xml:3:5-42
MERGED from [com.google.android.gms:play-services-gass:10.0.1] AndroidManifest.xml:3:5-42
MERGED from [com.google.android.gms:play-services-gass:10.0.1] AndroidManifest.xml:3:5-42
MERGED from [com.google.android.gms:play-services-tasks:10.0.1] AndroidManifest.xml:3:5-42
MERGED from [com.google.android.gms:play-services-tasks:10.0.1] AndroidManifest.xml:3:5-42
MERGED from [com.google.android.gms:play-services-basement:10.0.1] AndroidManifest.xml:17:5-42
MERGED from [com.google.android.gms:play-services-basement:10.0.1] AndroidManifest.xml:17:5-42
MERGED from [com.android.support:mediarouter-v7:24.0.0] AndroidManifest.xml:20:5-43
MERGED from [com.android.support:mediarouter-v7:24.0.0] AndroidManifest.xml:20:5-43
MERGED from [com.android.support:palette-v7:24.0.0] AndroidManifest.xml:20:5-43
MERGED from [com.android.support:palette-v7:24.0.0] AndroidManifest.xml:20:5-43
MERGED from [com.android.support:appcompat-v7:24.0.0] AndroidManifest.xml:21:5-23:78
MERGED from [com.android.support:appcompat-v7:24.0.0] AndroidManifest.xml:21:5-23:78
MERGED from [com.android.support:animated-vector-drawable:24.0.0] AndroidManifest.xml:20:5-44
MERGED from [com.android.support:animated-vector-drawable:24.0.0] AndroidManifest.xml:20:5-44
MERGED from [com.android.support:support-vector-drawable:24.0.0] AndroidManifest.xml:21:5-43
MERGED from [com.android.support:support-vector-drawable:24.0.0] AndroidManifest.xml:21:5-43
MERGED from [com.android.support:support-v4:24.0.0] AndroidManifest.xml:21:5-23:54
MERGED from [com.android.support:support-v4:24.0.0] AndroidManifest.xml:21:5-23:54
INJECTED from src\main\AndroidManifest.xml:7:5-43
INJECTED from src\main\AndroidManifest.xml:7:5-43
	tools:overrideLibrary
		ADDED from [com.android.support:appcompat-v7:24.0.0] AndroidManifest.xml:23:9-75
	android:targetSdkVersion
		INJECTED from src\main\AndroidManifest.xml
		ADDED from src\main\AndroidManifest.xml:7:5-43
		INJECTED from src\main\AndroidManifest.xml
	android:minSdkVersion
		ADDED from src\main\AndroidManifest.xml:7:15-40
		INJECTED from src\main\AndroidManifest.xml
		INJECTED from src\main\AndroidManifest.xml
uses-permission#android.permission.ACCESS_FINE_LOCATION
ADDED from src\main\AndroidManifest.xml:8:5-78
	android:name
		ADDED from src\main\AndroidManifest.xml:8:22-76
uses-permission#android.permission.INTERNET
ADDED from src\main\AndroidManifest.xml:9:5-66
MERGED from [com.google.android.gms:play-services-analytics:10.0.1] AndroidManifest.xml:20:5-66
MERGED from [com.google.android.gms:play-services-analytics:10.0.1] AndroidManifest.xml:20:5-66
MERGED from [com.google.android.gms:play-services-analytics-impl:10.0.1] AndroidManifest.xml:20:5-66
MERGED from [com.google.android.gms:play-services-analytics-impl:10.0.1] AndroidManifest.xml:20:5-66
MERGED from [com.google.android.gms:play-services-appinvite:10.0.1] AndroidManifest.xml:18:5-66
MERGED from [com.google.android.gms:play-services-appinvite:10.0.1] AndroidManifest.xml:18:5-66
MERGED from [com.google.android.gms:play-services-gcm:10.0.1] AndroidManifest.xml:21:5-66
MERGED from [com.google.android.gms:play-services-gcm:10.0.1] AndroidManifest.xml:21:5-66
MERGED from [com.google.android.gms:play-services-iid:10.0.1] AndroidManifest.xml:21:5-66
MERGED from [com.google.android.gms:play-services-iid:10.0.1] AndroidManifest.xml:21:5-66
MERGED from [com.google.android.gms:play-services-maps:10.0.1] AndroidManifest.xml:20:5-66
MERGED from [com.google.android.gms:play-services-maps:10.0.1] AndroidManifest.xml:20:5-66
MERGED from [com.google.android.gms:play-services-ads-lite:10.0.1] AndroidManifest.xml:19:5-66
MERGED from [com.google.android.gms:play-services-ads-lite:10.0.1] AndroidManifest.xml:19:5-66
MERGED from [com.google.firebase:firebase-crash:10.0.1] AndroidManifest.xml:18:5-66
MERGED from [com.google.firebase:firebase-crash:10.0.1] AndroidManifest.xml:18:5-66
MERGED from [com.google.android.gms:play-services-tagmanager-api:10.0.1] AndroidManifest.xml:20:5-66
MERGED from [com.google.android.gms:play-services-tagmanager-api:10.0.1] AndroidManifest.xml:20:5-66
MERGED from [com.google.firebase:firebase-analytics:10.0.1] AndroidManifest.xml:20:5-66
MERGED from [com.google.firebase:firebase-analytics:10.0.1] AndroidManifest.xml:20:5-66
MERGED from [com.google.firebase:firebase-analytics-impl:10.0.1] AndroidManifest.xml:20:5-66
MERGED from [com.google.firebase:firebase-analytics-impl:10.0.1] AndroidManifest.xml:20:5-66
MERGED from [com.google.firebase:firebase-iid:10.0.1] AndroidManifest.xml:20:5-66
MERGED from [com.google.firebase:firebase-iid:10.0.1] AndroidManifest.xml:20:5-66
	android:name
		ADDED from src\main\AndroidManifest.xml:9:22-64
uses-permission#android.permission.ACCESS_COARSE_LOCATION
ADDED from src\main\AndroidManifest.xml:10:5-80
	android:name
		ADDED from src\main\AndroidManifest.xml:10:22-78
application
ADDED from src\main\AndroidManifest.xml:13:5-35:19
MERGED from [com.google.android.gms:play-services:10.0.1] AndroidManifest.xml:5:5-20
MERGED from [com.google.android.gms:play-services:10.0.1] AndroidManifest.xml:5:5-20
MERGED from [com.google.android.gms:play-services-awareness:10.0.1] AndroidManifest.xml:18:5-19
MERGED from [com.google.android.gms:play-services-awareness:10.0.1] AndroidManifest.xml:18:5-19
MERGED from [com.google.android.gms:play-services-fitness:10.0.1] AndroidManifest.xml:18:5-19
MERGED from [com.google.android.gms:play-services-fitness:10.0.1] AndroidManifest.xml:18:5-19
MERGED from [com.google.android.gms:play-services-location:10.0.1] AndroidManifest.xml:4:5-19
MERGED from [com.google.android.gms:play-services-location:10.0.1] AndroidManifest.xml:4:5-19
MERGED from [com.google.android.gms:play-services-analytics:10.0.1] AndroidManifest.xml:26:5-19
MERGED from [com.google.android.gms:play-services-analytics:10.0.1] AndroidManifest.xml:26:5-19
MERGED from [com.google.android.gms:play-services-tagmanager-v4-impl:10.0.1] AndroidManifest.xml:19:5-19
MERGED from [com.google.android.gms:play-services-tagmanager-v4-impl:10.0.1] AndroidManifest.xml:19:5-19
MERGED from [com.google.android.gms:play-services-analytics-impl:10.0.1] AndroidManifest.xml:26:5-19
MERGED from [com.google.android.gms:play-services-analytics-impl:10.0.1] AndroidManifest.xml:26:5-19
MERGED from [com.google.android.gms:play-services-appinvite:10.0.1] AndroidManifest.xml:19:5-26:19
MERGED from [com.google.android.gms:play-services-appinvite:10.0.1] AndroidManifest.xml:19:5-26:19
MERGED from [com.google.android.gms:play-services-auth:10.0.1] AndroidManifest.xml:19:5-25:19
MERGED from [com.google.android.gms:play-services-auth:10.0.1] AndroidManifest.xml:19:5-25:19
MERGED from [com.google.android.gms:play-services-cast-framework:10.0.1] AndroidManifest.xml:4:5-8:19
MERGED from [com.google.android.gms:play-services-cast-framework:10.0.1] AndroidManifest.xml:4:5-8:19
MERGED from [com.google.android.gms:play-services-cast:10.0.1] AndroidManifest.xml:18:5-19
MERGED from [com.google.android.gms:play-services-cast:10.0.1] AndroidManifest.xml:18:5-19
MERGED from [com.google.android.gms:play-services-clearcut:10.0.1] AndroidManifest.xml:18:5-19
MERGED from [com.google.android.gms:play-services-clearcut:10.0.1] AndroidManifest.xml:18:5-19
MERGED from [com.google.firebase:firebase-config:10.0.1] AndroidManifest.xml:18:5-19
MERGED from [com.google.firebase:firebase-config:10.0.1] AndroidManifest.xml:18:5-19
MERGED from [com.google.android.gms:play-services-games:10.0.1] AndroidManifest.xml:18:5-19
MERGED from [com.google.android.gms:play-services-games:10.0.1] AndroidManifest.xml:18:5-19
MERGED from [com.google.android.gms:play-services-drive:10.0.1] AndroidManifest.xml:18:5-19
MERGED from [com.google.android.gms:play-services-drive:10.0.1] AndroidManifest.xml:18:5-19
MERGED from [com.google.firebase:firebase-auth:10.0.1] AndroidManifest.xml:19:5-20:19
MERGED from [com.google.firebase:firebase-auth:10.0.1] AndroidManifest.xml:19:5-20:19
MERGED from [com.google.android.gms:play-services-gcm:10.0.1] AndroidManifest.xml:23:5-19
MERGED from [com.google.android.gms:play-services-gcm:10.0.1] AndroidManifest.xml:23:5-19
MERGED from [com.google.firebase:firebase-appindexing:10.0.1] AndroidManifest.xml:18:5-19
MERGED from [com.google.firebase:firebase-appindexing:10.0.1] AndroidManifest.xml:18:5-19
MERGED from [com.google.android.gms:play-services-identity:10.0.1] AndroidManifest.xml:18:5-19
MERGED from [com.google.android.gms:play-services-identity:10.0.1] AndroidManifest.xml:18:5-19
MERGED from [com.google.android.gms:play-services-iid:10.0.1] AndroidManifest.xml:23:5-19
MERGED from [com.google.android.gms:play-services-iid:10.0.1] AndroidManifest.xml:23:5-19
MERGED from [com.google.android.gms:play-services-nearby:10.0.1] AndroidManifest.xml:5:5-19
MERGED from [com.google.android.gms:play-services-nearby:10.0.1] AndroidManifest.xml:5:5-19
MERGED from [com.google.android.gms:play-services-panorama:10.0.1] AndroidManifest.xml:18:5-19
MERGED from [com.google.android.gms:play-services-panorama:10.0.1] AndroidManifest.xml:18:5-19
MERGED from [com.google.android.gms:play-services-places:10.0.1] AndroidManifest.xml:18:5-19
MERGED from [com.google.android.gms:play-services-places:10.0.1] AndroidManifest.xml:18:5-19
MERGED from [com.google.android.gms:play-services-plus:10.0.1] AndroidManifest.xml:18:5-19
MERGED from [com.google.android.gms:play-services-plus:10.0.1] AndroidManifest.xml:18:5-19
MERGED from [com.google.android.gms:play-services-safetynet:10.0.1] AndroidManifest.xml:18:5-19
MERGED from [com.google.android.gms:play-services-safetynet:10.0.1] AndroidManifest.xml:18:5-19
MERGED from [com.google.android.gms:play-services-vision:10.0.1] AndroidManifest.xml:4:5-19
MERGED from [com.google.android.gms:play-services-vision:10.0.1] AndroidManifest.xml:4:5-19
MERGED from [com.google.android.gms:play-services-wearable:10.0.1] AndroidManifest.xml:18:5-19
MERGED from [com.google.android.gms:play-services-wearable:10.0.1] AndroidManifest.xml:18:5-19
MERGED from [com.google.android.gms:play-services-maps:10.0.1] AndroidManifest.xml:24:5-19
MERGED from [com.google.android.gms:play-services-maps:10.0.1] AndroidManifest.xml:24:5-19
MERGED from [com.google.android.gms:play-services-base:10.0.1] AndroidManifest.xml:18:5-20:19
MERGED from [com.google.android.gms:play-services-base:10.0.1] AndroidManifest.xml:18:5-20:19
MERGED from [com.google.android.gms:play-services-ads-lite:10.0.1] AndroidManifest.xml:23:5-27:19
MERGED from [com.google.android.gms:play-services-ads-lite:10.0.1] AndroidManifest.xml:23:5-27:19
MERGED from [com.google.firebase:firebase-crash:10.0.1] AndroidManifest.xml:22:5-23:19
MERGED from [com.google.firebase:firebase-crash:10.0.1] AndroidManifest.xml:22:5-23:19
MERGED from [com.google.firebase:firebase-messaging:10.0.1] AndroidManifest.xml:19:5-29:19
MERGED from [com.google.firebase:firebase-messaging:10.0.1] AndroidManifest.xml:19:5-29:19
MERGED from [com.google.android.gms:play-services-tagmanager-api:10.0.1] AndroidManifest.xml:23:5-33:19
MERGED from [com.google.android.gms:play-services-tagmanager-api:10.0.1] AndroidManifest.xml:23:5-33:19
MERGED from [com.google.firebase:firebase-analytics:10.0.1] AndroidManifest.xml:24:5-33:19
MERGED from [com.google.firebase:firebase-analytics:10.0.1] AndroidManifest.xml:24:5-33:19
MERGED from [com.google.firebase:firebase-analytics-impl:10.0.1] AndroidManifest.xml:24:5-28:19
MERGED from [com.google.firebase:firebase-analytics-impl:10.0.1] AndroidManifest.xml:24:5-28:19
MERGED from [com.google.firebase:firebase-iid:10.0.1] AndroidManifest.xml:28:5-50:19
MERGED from [com.google.firebase:firebase-iid:10.0.1] AndroidManifest.xml:28:5-50:19
MERGED from [com.google.firebase:firebase-common:10.0.1] AndroidManifest.xml:4:5-7:19
MERGED from [com.google.firebase:firebase-common:10.0.1] AndroidManifest.xml:4:5-7:19
MERGED from [com.google.android.gms:play-services-gass:10.0.1] AndroidManifest.xml:4:5-19
MERGED from [com.google.android.gms:play-services-gass:10.0.1] AndroidManifest.xml:4:5-19
MERGED from [com.google.android.gms:play-services-tasks:10.0.1] AndroidManifest.xml:4:5-19
MERGED from [com.google.android.gms:play-services-tasks:10.0.1] AndroidManifest.xml:4:5-19
MERGED from [com.google.android.gms:play-services-basement:10.0.1] AndroidManifest.xml:19:5-21:19
MERGED from [com.google.android.gms:play-services-basement:10.0.1] AndroidManifest.xml:19:5-21:19
MERGED from [com.android.support:mediarouter-v7:24.0.0] AndroidManifest.xml:22:5-20
MERGED from [com.android.support:mediarouter-v7:24.0.0] AndroidManifest.xml:22:5-20
MERGED from [com.android.support:palette-v7:24.0.0] AndroidManifest.xml:22:5-23:19
MERGED from [com.android.support:palette-v7:24.0.0] AndroidManifest.xml:22:5-23:19
MERGED from [com.android.support:appcompat-v7:24.0.0] AndroidManifest.xml:25:5-20
MERGED from [com.android.support:appcompat-v7:24.0.0] AndroidManifest.xml:25:5-20
MERGED from [com.android.support:animated-vector-drawable:24.0.0] AndroidManifest.xml:22:5-20
MERGED from [com.android.support:animated-vector-drawable:24.0.0] AndroidManifest.xml:22:5-20
MERGED from [com.android.support:support-vector-drawable:24.0.0] AndroidManifest.xml:23:5-20
MERGED from [com.android.support:support-vector-drawable:24.0.0] AndroidManifest.xml:23:5-20
MERGED from [com.android.support:support-v4:24.0.0] AndroidManifest.xml:25:5-20
MERGED from [com.android.support:support-v4:24.0.0] AndroidManifest.xml:25:5-20
	android:label
		ADDED from src\main\AndroidManifest.xml:15:9-41
	android:icon
		ADDED from src\main\AndroidManifest.xml:14:9-45
meta-data#com.google.android.geo.API_KEY
ADDED from src\main\AndroidManifest.xml:17:9-19:55
	android:value
		ADDED from src\main\AndroidManifest.xml:19:13-52
	android:name
		ADDED from src\main\AndroidManifest.xml:18:13-58
activity#com.exercise.AndroidCompas.AndroidCompass
ADDED from src\main\AndroidManifest.xml:21:9-30:20
	android:screenOrientation
		ADDED from src\main\AndroidManifest.xml:24:13-49
	android:label
		ADDED from src\main\AndroidManifest.xml:23:13-36
	android:name
		ADDED from src\main\AndroidManifest.xml:22:13-43
intent-filter#action:name:android.intent.action.MAIN+category:name:android.intent.category.LAUNCHER
ADDED from src\main\AndroidManifest.xml:25:13-29:29
action#android.intent.action.MAIN
ADDED from src\main\AndroidManifest.xml:26:17-69
	android:name
		ADDED from src\main\AndroidManifest.xml:26:25-66
category#android.intent.category.LAUNCHER
ADDED from src\main\AndroidManifest.xml:28:17-77
	android:name
		ADDED from src\main\AndroidManifest.xml:28:27-74
activity#com.exercise.AndroidCompas.MapsActivity
ADDED from src\main\AndroidManifest.xml:31:9-33:43
	android:label
		ADDED from src\main\AndroidManifest.xml:33:13-41
	android:name
		ADDED from src\main\AndroidManifest.xml:32:13-41
uses-permission#android.permission.ACCESS_NETWORK_STATE
ADDED from [com.google.android.gms:play-services-analytics:10.0.1] AndroidManifest.xml:21:5-78
MERGED from [com.google.android.gms:play-services-analytics-impl:10.0.1] AndroidManifest.xml:21:5-78